<?xml version="1.0" encoding="UTF-8"?>
<testng-results skipped="0" failed="0" total="1" passed="1">
  <reporter-output>
  </reporter-output>
  <suite name="Default suite" duration-ms="14913" started-at="2020-02-22T03:51:59Z" finished-at="2020-02-22T03:52:14Z">
    <groups>
    </groups>
    <test name="Default test" duration-ms="14913" started-at="2020-02-22T03:51:59Z" finished-at="2020-02-22T03:52:14Z">
      <class name="test.PostsValidationTest">
        <test-method status="PASS" signature="postsValidationTest()[pri:0, instance:test.PostsValidationTest@1134affc]" name="postsValidationTest" duration-ms="14883" started-at="2020-02-21T21:51:59Z" finished-at="2020-02-21T21:52:14Z">
          <reporter-output>
          </reporter-output>
        </test-method> <!-- postsValidationTest -->
      </class> <!-- test.PostsValidationTest -->
    </test> <!-- Default test -->
  </suite> <!-- Default suite -->
</testng-results>
